  Origem.cpp
c:\users\fagner silva\desktop\project3\cores.h(5): warning C4305: 'inicializando': truncamento de 'double' para 'float'
c:\users\fagner silva\desktop\project3\cores.h(7): warning C4305: 'inicializando': truncamento de 'double' para 'float'
c:\users\fagner silva\desktop\project3\cores.h(11): warning C4305: 'inicializando': truncamento de 'double' para 'float'
c:\users\fagner silva\desktop\project3\cores.h(12): warning C4305: 'inicializando': truncamento de 'double' para 'float'
c:\users\fagner silva\desktop\project3\cores.h(13): warning C4305: 'inicializando': truncamento de 'double' para 'float'
c:\users\fagner silva\desktop\project3\cores.h(14): warning C4305: 'inicializando': truncamento de 'double' para 'float'
c:\users\fagner silva\desktop\project3\cores.h(15): warning C4305: 'inicializando': truncamento de 'double' para 'float'
c:\users\fagner silva\desktop\project3\primitivas.h(24): warning C4244: 'inicializando': conversão de 'double' para 'float', possível perda de dados
c:\users\fagner silva\desktop\project3\primitivas.h(60): warning C4305: 'inicializando': truncamento de 'double' para 'GLfloat'
c:\users\fagner silva\desktop\project3\primitivas.h(67): warning C4244: 'inicializando': conversão de 'double' para 'GLfloat', possível perda de dados
c:\users\fagner silva\desktop\project3\primitivas.h(80): warning C4267: 'inicializando': conversão de 'size_t' para 'GLuint', possível perda de dados
c:\users\fagner silva\desktop\project3\origem.cpp(31): warning C4244: 'inicializando': conversão de 'double' para 'float', possível perda de dados
c:\users\fagner silva\desktop\project3\origem.cpp(78): warning C4305: '-=': truncamento de 'double' para 'float'
c:\users\fagner silva\desktop\project3\origem.cpp(79): warning C4305: '+=': truncamento de 'double' para 'float'
c:\users\fagner silva\desktop\project3\origem.cpp(94): warning C4305: '-=': truncamento de 'double' para 'float'
c:\users\fagner silva\desktop\project3\origem.cpp(95): warning C4305: '+=': truncamento de 'double' para 'float'
c:\users\fagner silva\desktop\project3\origem.cpp(121): warning C4244: 'argumento': conversão de 'double' para 'GLuint', possível perda de dados
c:\users\fagner silva\desktop\project3\origem.cpp(122): warning C4244: 'argumento': conversão de 'double' para 'GLuint', possível perda de dados
c:\users\fagner silva\desktop\project3\origem.cpp(123): warning C4244: 'argumento': conversão de 'double' para 'GLuint', possível perda de dados
  Project3.vcxproj -> C:\Users\Fagner Silva\Desktop\Project3\x64\Debug\Project3.exe
